[2025-10-14 12:08:00] local.INFO: Tentative suppression facture {"facture_id":25,"numero_facture":"FAC00001","statut_paiement":"paye","montant_paye":"0.00","user_id":1} 
[2025-10-14 12:08:00] local.INFO: Suppression facture en cours {"facture_id":25,"numero_facture":"FAC00001"} 
[2025-10-14 12:08:00] local.INFO: Suppression paiement {"paiement_id":13,"montant":"300.00","mode":"cash"} 
[2025-10-14 12:08:00] local.INFO: Suppression mouvement caisse {"mouvement_id":13,"description":"Paiement facture FAC00001 - JOHN JOHN"} 
[2025-10-14 12:08:00] local.INFO: Facture supprimée {"facture_id":25,"numero_facture":"FAC00001"} 
[2025-10-14 12:14:43] local.INFO: marquerPayee appelée {"facture_id":30,"request_data":{"_token":"xATTQTysQOkd6QsFeoxHQ11cdvjKzOK4dClSoDrj","montant":"300","mode_paiement":"cash","reference":null}} 
[2025-10-14 12:14:43] local.INFO: Validation réussie {"validated":{"montant":"300","mode_paiement":"cash","reference":null}} 
[2025-10-14 12:14:43] local.INFO: Calcul statut paiement {"facture_id":30,"montant_facture":"300.00","montant_actuel_paye":"300.00","nouveau_paiement":"300","nouveau_total_paye":600.0,"comparaison":"COMPLET"} 
[2025-10-14 12:14:43] local.INFO: Paiement créé avec succès {"paiement_id":15,"nouveau_statut":"paye","compte_id":1,"reste_a_payer":0.0} 
[2025-10-14 12:15:27] local.INFO: Tentative suppression facture {"facture_id":29,"numero_facture":"FAC00005","statut_paiement":"paye","montant_paye":"0.00","user_id":1} 
[2025-10-14 12:15:27] local.INFO: Suppression facture en cours {"facture_id":29,"numero_facture":"FAC00005"} 
[2025-10-14 12:15:27] local.INFO: Suppression mouvement caisse {"mouvement_id":14,"description":"Paiement facture FAC00005 - CHRISTO CHRISTO"} 
[2025-10-14 12:15:27] local.INFO: Suppression paiement {"paiement_id":14,"montant":"300.00","mode":"cash"} 
[2025-10-14 12:15:27] local.INFO: Facture supprimée {"facture_id":29,"numero_facture":"FAC00005"} 
[2025-10-14 12:16:04] local.INFO: Tentative suppression facture {"facture_id":30,"numero_facture":"FAC00006","statut_paiement":"paye","montant_paye":"0.00","user_id":1} 
[2025-10-14 12:16:04] local.INFO: Suppression facture en cours {"facture_id":30,"numero_facture":"FAC00006"} 
[2025-10-14 12:16:04] local.INFO: Suppression mouvement caisse {"mouvement_id":15,"description":"Paiement facture FAC00006 - KOBA KOBA"} 
[2025-10-14 12:16:04] local.INFO: Suppression paiement {"paiement_id":15,"montant":"300.00","mode":"cash"} 
[2025-10-14 12:16:04] local.INFO: Facture supprimée {"facture_id":30,"numero_facture":"FAC00006"} 
[2025-10-14 12:23:57] local.INFO: marquerPayee appelée {"facture_id":31,"request_data":{"_token":"xATTQTysQOkd6QsFeoxHQ11cdvjKzOK4dClSoDrj","montant":"300","mode_paiement":"cash","reference":null}} 
[2025-10-14 12:23:57] local.INFO: Validation réussie {"validated":{"montant":"300","mode_paiement":"cash","reference":null}} 
[2025-10-14 12:23:57] local.INFO: Calcul statut paiement {"facture_id":31,"montant_facture":"300.00","montant_actuel_paye":"300.00","nouveau_paiement":"300","nouveau_total_paye":600.0,"comparaison":"COMPLET"} 
[2025-10-14 12:23:57] local.INFO: Paiement créé avec succès {"paiement_id":16,"nouveau_statut":"paye","compte_id":1,"reste_a_payer":0.0} 
[2025-10-14 12:24:24] local.INFO: Tentative suppression facture {"facture_id":31,"numero_facture":"FAC00007","statut_paiement":"paye","montant_paye":"0.00","user_id":1} 
[2025-10-14 12:24:24] local.INFO: Suppression facture en cours {"facture_id":31,"numero_facture":"FAC00007"} 
[2025-10-14 12:24:24] local.INFO: Fallback compte financier utilisateur {"paiement_id":16,"user_id":1,"compte_id":1} 
[2025-10-14 12:24:24] local.INFO: Déduction du compte financier {"compte_id":1,"montant":"300.00"} 
[2025-10-14 12:24:24] local.INFO: Suppression mouvement caisse {"mouvement_id":16,"description":"Paiement facture FAC00007 - DELPHIN DELPHIN"} 
[2025-10-14 12:24:24] local.INFO: Suppression paiement {"paiement_id":16,"montant":"300.00","mode":"cash"} 
[2025-10-14 12:24:24] local.INFO: Facture supprimée {"facture_id":31,"numero_facture":"FAC00007"} 
